Connecting to database specified by database.yml
Connecting to database specified by database.yml
  [1m[36m (0.7ms)[0m  [1mselect sqlite_version(*)[0m
  [1m[35m (1.2ms)[0m  CREATE TABLE "schema_migrations" ("version" varchar(255) NOT NULL) 
  [1m[36m (0.9ms)[0m  [1mCREATE UNIQUE INDEX "unique_schema_migrations" ON "schema_migrations" ("version")[0m
  [1m[35m (0.1ms)[0m  SELECT "schema_migrations"."version" FROM "schema_migrations" 
Migrating to CreateMessages (20110403022903)
  [1m[36m (0.0ms)[0m  [1mbegin transaction[0m
  [1m[35m (0.3ms)[0m  CREATE TABLE "messages" ("id" INTEGER PRIMARY KEY AUTOINCREMENT NOT NULL, "content" text, "created_at" datetime NOT NULL, "updated_at" datetime NOT NULL) 
  [1m[36m (0.1ms)[0m  [1mINSERT INTO "schema_migrations" ("version") VALUES ('20110403022903')[0m
  [1m[35m (0.8ms)[0m  commit transaction
  [1m[36m (0.1ms)[0m  [1mSELECT "schema_migrations"."version" FROM "schema_migrations" [0m


Started GET "/" for 127.0.0.1 at 2013-08-26 03:29:22 -0700
Connecting to database specified by database.yml

ActiveRecord::ConnectionNotEstablished (ActiveRecord::ConnectionNotEstablished):
  activerecord (3.2.13) lib/active_record/connection_adapters/abstract/connection_pool.rb:410:in `retrieve_connection'
  activerecord (3.2.13) lib/active_record/connection_adapters/abstract/connection_specification.rb:171:in `retrieve_connection'
  activerecord (3.2.13) lib/active_record/connection_adapters/abstract/connection_specification.rb:145:in `connection'
  activerecord (3.2.13) lib/active_record/query_cache.rb:67:in `rescue in call'
  activerecord (3.2.13) lib/active_record/query_cache.rb:61:in `call'
  activerecord (3.2.13) lib/active_record/connection_adapters/abstract/connection_pool.rb:479:in `call'
  actionpack (3.2.13) lib/action_dispatch/middleware/callbacks.rb:28:in `block in call'
  activesupport (3.2.13) lib/active_support/callbacks.rb:405:in `_run__3200213107356781377__call__2280559643147525486__callbacks'
  activesupport (3.2.13) lib/active_support/callbacks.rb:405:in `__run_callback'
  activesupport (3.2.13) lib/active_support/callbacks.rb:385:in `_run_call_callbacks'
  activesupport (3.2.13) lib/active_support/callbacks.rb:81:in `run_callbacks'
  actionpack (3.2.13) lib/action_dispatch/middleware/callbacks.rb:27:in `call'
  actionpack (3.2.13) lib/action_dispatch/middleware/reloader.rb:65:in `call'
  actionpack (3.2.13) lib/action_dispatch/middleware/remote_ip.rb:31:in `call'
  actionpack (3.2.13) lib/action_dispatch/middleware/debug_exceptions.rb:16:in `call'
  actionpack (3.2.13) lib/action_dispatch/middleware/show_exceptions.rb:56:in `call'
  railties (3.2.13) lib/rails/rack/logger.rb:32:in `call_app'
  railties (3.2.13) lib/rails/rack/logger.rb:16:in `block in call'
  activesupport (3.2.13) lib/active_support/tagged_logging.rb:22:in `tagged'
  railties (3.2.13) lib/rails/rack/logger.rb:16:in `call'
  actionpack (3.2.13) lib/action_dispatch/middleware/request_id.rb:22:in `call'
  rack (1.4.5) lib/rack/methodoverride.rb:21:in `call'
  rack (1.4.5) lib/rack/runtime.rb:17:in `call'
  activesupport (3.2.13) lib/active_support/cache/strategy/local_cache.rb:72:in `call'
  rack (1.4.5) lib/rack/lock.rb:15:in `call'
  actionpack (3.2.13) lib/action_dispatch/middleware/static.rb:63:in `call'
  railties (3.2.13) lib/rails/engine.rb:479:in `call'
  railties (3.2.13) lib/rails/application.rb:223:in `call'
  rack (1.4.5) lib/rack/content_length.rb:14:in `call'
  railties (3.2.13) lib/rails/rack/log_tailer.rb:17:in `call'
  thin (1.5.0) lib/thin/connection.rb:81:in `block in pre_process'
  thin (1.5.0) lib/thin/connection.rb:79:in `catch'
  thin (1.5.0) lib/thin/connection.rb:79:in `pre_process'
  thin (1.5.0) lib/thin/connection.rb:54:in `process'
  thin (1.5.0) lib/thin/connection.rb:39:in `receive_data'
  eventmachine (1.0.3) lib/eventmachine.rb:187:in `run_machine'
  eventmachine (1.0.3) lib/eventmachine.rb:187:in `run'
  thin (1.5.0) lib/thin/backends/base.rb:63:in `start'
  thin (1.5.0) lib/thin/server.rb:159:in `start'
  rack (1.4.5) lib/rack/handler/thin.rb:13:in `run'
  rack (1.4.5) lib/rack/server.rb:268:in `start'
  railties (3.2.13) lib/rails/commands/server.rb:70:in `start'
  railties (3.2.13) lib/rails/commands.rb:55:in `block in <top (required)>'
  railties (3.2.13) lib/rails/commands.rb:50:in `tap'
  railties (3.2.13) lib/rails/commands.rb:50:in `<top (required)>'
  script/rails:6:in `require'
  script/rails:6:in `<main>'


  Rendered /Users/levid/.rvm/gems/ruby-1.9.3-p194/gems/actionpack-3.2.13/lib/action_dispatch/middleware/templates/rescues/_trace.erb (0.8ms)
  Rendered /Users/levid/.rvm/gems/ruby-1.9.3-p194/gems/actionpack-3.2.13/lib/action_dispatch/middleware/templates/rescues/_request_and_response.erb (2.0ms)
  Rendered /Users/levid/.rvm/gems/ruby-1.9.3-p194/gems/actionpack-3.2.13/lib/action_dispatch/middleware/templates/rescues/diagnostics.erb within rescues/layout (9.2ms)


Started GET "/" for 127.0.0.1 at 2013-08-26 03:29:24 -0700

ActiveRecord::ConnectionNotEstablished (ActiveRecord::ConnectionNotEstablished):
  activerecord (3.2.13) lib/active_record/connection_adapters/abstract/connection_pool.rb:410:in `retrieve_connection'
  activerecord (3.2.13) lib/active_record/connection_adapters/abstract/connection_specification.rb:171:in `retrieve_connection'
  activerecord (3.2.13) lib/active_record/connection_adapters/abstract/connection_specification.rb:145:in `connection'
  activerecord (3.2.13) lib/active_record/query_cache.rb:67:in `rescue in call'
  activerecord (3.2.13) lib/active_record/query_cache.rb:61:in `call'
  activerecord (3.2.13) lib/active_record/connection_adapters/abstract/connection_pool.rb:479:in `call'
  actionpack (3.2.13) lib/action_dispatch/middleware/callbacks.rb:28:in `block in call'
  activesupport (3.2.13) lib/active_support/callbacks.rb:405:in `_run__3200213107356781377__call__2280559643147525486__callbacks'
  activesupport (3.2.13) lib/active_support/callbacks.rb:405:in `__run_callback'
  activesupport (3.2.13) lib/active_support/callbacks.rb:385:in `_run_call_callbacks'
  activesupport (3.2.13) lib/active_support/callbacks.rb:81:in `run_callbacks'
  actionpack (3.2.13) lib/action_dispatch/middleware/callbacks.rb:27:in `call'
  actionpack (3.2.13) lib/action_dispatch/middleware/reloader.rb:65:in `call'
  actionpack (3.2.13) lib/action_dispatch/middleware/remote_ip.rb:31:in `call'
  actionpack (3.2.13) lib/action_dispatch/middleware/debug_exceptions.rb:16:in `call'
  actionpack (3.2.13) lib/action_dispatch/middleware/show_exceptions.rb:56:in `call'
  railties (3.2.13) lib/rails/rack/logger.rb:32:in `call_app'
  railties (3.2.13) lib/rails/rack/logger.rb:16:in `block in call'
  activesupport (3.2.13) lib/active_support/tagged_logging.rb:22:in `tagged'
  railties (3.2.13) lib/rails/rack/logger.rb:16:in `call'
  actionpack (3.2.13) lib/action_dispatch/middleware/request_id.rb:22:in `call'
  rack (1.4.5) lib/rack/methodoverride.rb:21:in `call'
  rack (1.4.5) lib/rack/runtime.rb:17:in `call'
  activesupport (3.2.13) lib/active_support/cache/strategy/local_cache.rb:72:in `call'
  rack (1.4.5) lib/rack/lock.rb:15:in `call'
  actionpack (3.2.13) lib/action_dispatch/middleware/static.rb:63:in `call'
  railties (3.2.13) lib/rails/engine.rb:479:in `call'
  railties (3.2.13) lib/rails/application.rb:223:in `call'
  rack (1.4.5) lib/rack/content_length.rb:14:in `call'
  railties (3.2.13) lib/rails/rack/log_tailer.rb:17:in `call'
  thin (1.5.0) lib/thin/connection.rb:81:in `block in pre_process'
  thin (1.5.0) lib/thin/connection.rb:79:in `catch'
  thin (1.5.0) lib/thin/connection.rb:79:in `pre_process'
  thin (1.5.0) lib/thin/connection.rb:54:in `process'
  thin (1.5.0) lib/thin/connection.rb:39:in `receive_data'
  eventmachine (1.0.3) lib/eventmachine.rb:187:in `run_machine'
  eventmachine (1.0.3) lib/eventmachine.rb:187:in `run'
  thin (1.5.0) lib/thin/backends/base.rb:63:in `start'
  thin (1.5.0) lib/thin/server.rb:159:in `start'
  rack (1.4.5) lib/rack/handler/thin.rb:13:in `run'
  rack (1.4.5) lib/rack/server.rb:268:in `start'
  railties (3.2.13) lib/rails/commands/server.rb:70:in `start'
  railties (3.2.13) lib/rails/commands.rb:55:in `block in <top (required)>'
  railties (3.2.13) lib/rails/commands.rb:50:in `tap'
  railties (3.2.13) lib/rails/commands.rb:50:in `<top (required)>'
  script/rails:6:in `require'
  script/rails:6:in `<main>'


  Rendered /Users/levid/.rvm/gems/ruby-1.9.3-p194/gems/actionpack-3.2.13/lib/action_dispatch/middleware/templates/rescues/_trace.erb (0.9ms)
  Rendered /Users/levid/.rvm/gems/ruby-1.9.3-p194/gems/actionpack-3.2.13/lib/action_dispatch/middleware/templates/rescues/_request_and_response.erb (0.9ms)
  Rendered /Users/levid/.rvm/gems/ruby-1.9.3-p194/gems/actionpack-3.2.13/lib/action_dispatch/middleware/templates/rescues/diagnostics.erb within rescues/layout (5.6ms)


Started GET "/" for 127.0.0.1 at 2013-08-26 03:29:25 -0700

ActiveRecord::ConnectionNotEstablished (ActiveRecord::ConnectionNotEstablished):
  activerecord (3.2.13) lib/active_record/connection_adapters/abstract/connection_pool.rb:410:in `retrieve_connection'
  activerecord (3.2.13) lib/active_record/connection_adapters/abstract/connection_specification.rb:171:in `retrieve_connection'
  activerecord (3.2.13) lib/active_record/connection_adapters/abstract/connection_specification.rb:145:in `connection'
  activerecord (3.2.13) lib/active_record/query_cache.rb:67:in `rescue in call'
  activerecord (3.2.13) lib/active_record/query_cache.rb:61:in `call'
  activerecord (3.2.13) lib/active_record/connection_adapters/abstract/connection_pool.rb:479:in `call'
  actionpack (3.2.13) lib/action_dispatch/middleware/callbacks.rb:28:in `block in call'
  activesupport (3.2.13) lib/active_support/callbacks.rb:405:in `_run__3200213107356781377__call__2280559643147525486__callbacks'
  activesupport (3.2.13) lib/active_support/callbacks.rb:405:in `__run_callback'
  activesupport (3.2.13) lib/active_support/callbacks.rb:385:in `_run_call_callbacks'
  activesupport (3.2.13) lib/active_support/callbacks.rb:81:in `run_callbacks'
  actionpack (3.2.13) lib/action_dispatch/middleware/callbacks.rb:27:in `call'
  actionpack (3.2.13) lib/action_dispatch/middleware/reloader.rb:65:in `call'
  actionpack (3.2.13) lib/action_dispatch/middleware/remote_ip.rb:31:in `call'
  actionpack (3.2.13) lib/action_dispatch/middleware/debug_exceptions.rb:16:in `call'
  actionpack (3.2.13) lib/action_dispatch/middleware/show_exceptions.rb:56:in `call'
  railties (3.2.13) lib/rails/rack/logger.rb:32:in `call_app'
  railties (3.2.13) lib/rails/rack/logger.rb:16:in `block in call'
  activesupport (3.2.13) lib/active_support/tagged_logging.rb:22:in `tagged'
  railties (3.2.13) lib/rails/rack/logger.rb:16:in `call'
  actionpack (3.2.13) lib/action_dispatch/middleware/request_id.rb:22:in `call'
  rack (1.4.5) lib/rack/methodoverride.rb:21:in `call'
  rack (1.4.5) lib/rack/runtime.rb:17:in `call'
  activesupport (3.2.13) lib/active_support/cache/strategy/local_cache.rb:72:in `call'
  rack (1.4.5) lib/rack/lock.rb:15:in `call'
  actionpack (3.2.13) lib/action_dispatch/middleware/static.rb:63:in `call'
  railties (3.2.13) lib/rails/engine.rb:479:in `call'
  railties (3.2.13) lib/rails/application.rb:223:in `call'
  rack (1.4.5) lib/rack/content_length.rb:14:in `call'
  railties (3.2.13) lib/rails/rack/log_tailer.rb:17:in `call'
  thin (1.5.0) lib/thin/connection.rb:81:in `block in pre_process'
  thin (1.5.0) lib/thin/connection.rb:79:in `catch'
  thin (1.5.0) lib/thin/connection.rb:79:in `pre_process'
  thin (1.5.0) lib/thin/connection.rb:54:in `process'
  thin (1.5.0) lib/thin/connection.rb:39:in `receive_data'
  eventmachine (1.0.3) lib/eventmachine.rb:187:in `run_machine'
  eventmachine (1.0.3) lib/eventmachine.rb:187:in `run'
  thin (1.5.0) lib/thin/backends/base.rb:63:in `start'
  thin (1.5.0) lib/thin/server.rb:159:in `start'
  rack (1.4.5) lib/rack/handler/thin.rb:13:in `run'
  rack (1.4.5) lib/rack/server.rb:268:in `start'
  railties (3.2.13) lib/rails/commands/server.rb:70:in `start'
  railties (3.2.13) lib/rails/commands.rb:55:in `block in <top (required)>'
  railties (3.2.13) lib/rails/commands.rb:50:in `tap'
  railties (3.2.13) lib/rails/commands.rb:50:in `<top (required)>'
  script/rails:6:in `require'
  script/rails:6:in `<main>'


  Rendered /Users/levid/.rvm/gems/ruby-1.9.3-p194/gems/actionpack-3.2.13/lib/action_dispatch/middleware/templates/rescues/_trace.erb (0.8ms)
  Rendered /Users/levid/.rvm/gems/ruby-1.9.3-p194/gems/actionpack-3.2.13/lib/action_dispatch/middleware/templates/rescues/_request_and_response.erb (0.6ms)
  Rendered /Users/levid/.rvm/gems/ruby-1.9.3-p194/gems/actionpack-3.2.13/lib/action_dispatch/middleware/templates/rescues/diagnostics.erb within rescues/layout (20.1ms)
Connecting to database specified by database.yml


Started GET "/" for 127.0.0.1 at 2013-08-26 03:31:04 -0700
Connecting to database specified by database.yml
Processing by MessagesController#index as HTML
  [1m[36mMessage Load (0.5ms)[0m  [1mSELECT "messages".* FROM "messages" [0m
  Rendered collection (0.0ms)
  Rendered messages/index.html.erb within layouts/application (45.1ms)
Completed 500 Internal Server Error in 75ms

ActionView::Template::Error (undefined method `subscribe_to' for #<#<Class:0x007fa9f57450a8>:0x007fa9f574a4b8>):
    9:   <%= f.submit "Send" %>
    10: <% end %>
    11: 
    12: <%= subscribe_to "/messages/new" %>
  app/views/messages/index.html.erb:12:in `_app_views_messages_index_html_erb___3693156858663485046_70183972195040'


  Rendered /Users/levid/.rvm/gems/ruby-1.9.3-p194/gems/actionpack-3.2.13/lib/action_dispatch/middleware/templates/rescues/_trace.erb (1.3ms)
  Rendered /Users/levid/.rvm/gems/ruby-1.9.3-p194/gems/actionpack-3.2.13/lib/action_dispatch/middleware/templates/rescues/_request_and_response.erb (0.6ms)
  Rendered /Users/levid/.rvm/gems/ruby-1.9.3-p194/gems/actionpack-3.2.13/lib/action_dispatch/middleware/templates/rescues/template_error.erb within rescues/layout (5.4ms)


Started GET "/" for 127.0.0.1 at 2013-08-26 03:31:06 -0700
Processing by MessagesController#index as HTML
  [1m[35mMessage Load (0.1ms)[0m  SELECT "messages".* FROM "messages" 
  Rendered collection (0.0ms)
  Rendered messages/index.html.erb within layouts/application (5.1ms)
Completed 500 Internal Server Error in 7ms

ActionView::Template::Error (undefined method `subscribe_to' for #<#<Class:0x007fa9f57450a8>:0x007fa9f5017678>):
    9:   <%= f.submit "Send" %>
    10: <% end %>
    11: 
    12: <%= subscribe_to "/messages/new" %>
  app/views/messages/index.html.erb:12:in `_app_views_messages_index_html_erb___3693156858663485046_70183972195040'


  Rendered /Users/levid/.rvm/gems/ruby-1.9.3-p194/gems/actionpack-3.2.13/lib/action_dispatch/middleware/templates/rescues/_trace.erb (0.9ms)
  Rendered /Users/levid/.rvm/gems/ruby-1.9.3-p194/gems/actionpack-3.2.13/lib/action_dispatch/middleware/templates/rescues/_request_and_response.erb (0.6ms)
  Rendered /Users/levid/.rvm/gems/ruby-1.9.3-p194/gems/actionpack-3.2.13/lib/action_dispatch/middleware/templates/rescues/template_error.erb within rescues/layout (4.8ms)


Started GET "/" for 127.0.0.1 at 2013-08-26 03:31:30 -0700
Processing by MessagesController#index as HTML
  [1m[36mMessage Load (0.1ms)[0m  [1mSELECT "messages".* FROM "messages" [0m
  Rendered collection (0.0ms)
  Rendered messages/index.html.erb within layouts/application (4.9ms)
Completed 500 Internal Server Error in 7ms

ActionView::Template::Error (undefined method `subscribe_to' for #<#<Class:0x007fa9f57450a8>:0x007fa9f5121a00>):
    9:   <%= f.submit "Send" %>
    10: <% end %>
    11: 
    12: <%= subscribe_to "/messages/new" %>
  app/views/messages/index.html.erb:12:in `_app_views_messages_index_html_erb___3693156858663485046_70183972195040'


  Rendered /Users/levid/.rvm/gems/ruby-1.9.3-p194/gems/actionpack-3.2.13/lib/action_dispatch/middleware/templates/rescues/_trace.erb (0.9ms)
  Rendered /Users/levid/.rvm/gems/ruby-1.9.3-p194/gems/actionpack-3.2.13/lib/action_dispatch/middleware/templates/rescues/_request_and_response.erb (0.6ms)
  Rendered /Users/levid/.rvm/gems/ruby-1.9.3-p194/gems/actionpack-3.2.13/lib/action_dispatch/middleware/templates/rescues/template_error.erb within rescues/layout (5.1ms)


Started GET "/" for 127.0.0.1 at 2013-08-26 03:31:31 -0700
Processing by MessagesController#index as HTML
  [1m[35mMessage Load (0.1ms)[0m  SELECT "messages".* FROM "messages" 
  Rendered collection (0.0ms)
  Rendered messages/index.html.erb within layouts/application (5.2ms)
Completed 500 Internal Server Error in 7ms

ActionView::Template::Error (undefined method `subscribe_to' for #<#<Class:0x007fa9f57450a8>:0x007fa9f52228a0>):
    9:   <%= f.submit "Send" %>
    10: <% end %>
    11: 
    12: <%= subscribe_to "/messages/new" %>
  app/views/messages/index.html.erb:12:in `_app_views_messages_index_html_erb___3693156858663485046_70183972195040'


  Rendered /Users/levid/.rvm/gems/ruby-1.9.3-p194/gems/actionpack-3.2.13/lib/action_dispatch/middleware/templates/rescues/_trace.erb (0.8ms)
  Rendered /Users/levid/.rvm/gems/ruby-1.9.3-p194/gems/actionpack-3.2.13/lib/action_dispatch/middleware/templates/rescues/_request_and_response.erb (0.6ms)
  Rendered /Users/levid/.rvm/gems/ruby-1.9.3-p194/gems/actionpack-3.2.13/lib/action_dispatch/middleware/templates/rescues/template_error.erb within rescues/layout (4.7ms)


Started GET "/" for 127.0.0.1 at 2013-08-26 03:31:34 -0700
Processing by MessagesController#index as HTML
  [1m[36mMessage Load (0.1ms)[0m  [1mSELECT "messages".* FROM "messages" [0m
  Rendered collection (0.0ms)
  Rendered messages/index.html.erb within layouts/application (5.3ms)
Completed 500 Internal Server Error in 7ms

ActionView::Template::Error (undefined method `subscribe_to' for #<#<Class:0x007fa9f57450a8>:0x007fa9f532d448>):
    9:   <%= f.submit "Send" %>
    10: <% end %>
    11: 
    12: <%= subscribe_to "/messages/new" %>
  app/views/messages/index.html.erb:12:in `_app_views_messages_index_html_erb___3693156858663485046_70183972195040'


  Rendered /Users/levid/.rvm/gems/ruby-1.9.3-p194/gems/actionpack-3.2.13/lib/action_dispatch/middleware/templates/rescues/_trace.erb (0.8ms)
  Rendered /Users/levid/.rvm/gems/ruby-1.9.3-p194/gems/actionpack-3.2.13/lib/action_dispatch/middleware/templates/rescues/_request_and_response.erb (0.6ms)
  Rendered /Users/levid/.rvm/gems/ruby-1.9.3-p194/gems/actionpack-3.2.13/lib/action_dispatch/middleware/templates/rescues/template_error.erb within rescues/layout (4.7ms)


Started GET "/" for 127.0.0.1 at 2013-08-26 03:33:32 -0700
Processing by MessagesController#index as HTML
  [1m[35mMessage Load (0.1ms)[0m  SELECT "messages".* FROM "messages" 
  Rendered collection (0.0ms)
  Rendered messages/index.html.erb within layouts/application (8.0ms)
Completed 500 Internal Server Error in 12ms

ActionView::Template::Error (undefined method `subscribe_to' for #<#<Class:0x007fa9f54cef68>:0x007fa9f54d3388>):
    9:   <%= f.submit "Send" %>
    10: <% end %>
    11: 
    12: <%= subscribe_to "/messages/new" %>
  app/views/messages/index.html.erb:12:in `_app_views_messages_index_html_erb___3693156858663485046_70183972195040'


  Rendered /Users/levid/.rvm/gems/ruby-1.9.3-p194/gems/actionpack-3.2.13/lib/action_dispatch/middleware/templates/rescues/_trace.erb (0.9ms)
  Rendered /Users/levid/.rvm/gems/ruby-1.9.3-p194/gems/actionpack-3.2.13/lib/action_dispatch/middleware/templates/rescues/_request_and_response.erb (0.6ms)
  Rendered /Users/levid/.rvm/gems/ruby-1.9.3-p194/gems/actionpack-3.2.13/lib/action_dispatch/middleware/templates/rescues/template_error.erb within rescues/layout (4.8ms)


Started GET "/" for 127.0.0.1 at 2013-08-26 03:33:33 -0700
Processing by MessagesController#index as HTML
  [1m[36mMessage Load (0.1ms)[0m  [1mSELECT "messages".* FROM "messages" [0m
  Rendered collection (0.0ms)
  Rendered messages/index.html.erb within layouts/application (4.7ms)
Completed 500 Internal Server Error in 6ms

ActionView::Template::Error (undefined method `subscribe_to' for #<#<Class:0x007fa9f54cef68>:0x007fa9f55f2ca0>):
    9:   <%= f.submit "Send" %>
    10: <% end %>
    11: 
    12: <%= subscribe_to "/messages/new" %>
  app/views/messages/index.html.erb:12:in `_app_views_messages_index_html_erb___3693156858663485046_70183972195040'


  Rendered /Users/levid/.rvm/gems/ruby-1.9.3-p194/gems/actionpack-3.2.13/lib/action_dispatch/middleware/templates/rescues/_trace.erb (0.9ms)
  Rendered /Users/levid/.rvm/gems/ruby-1.9.3-p194/gems/actionpack-3.2.13/lib/action_dispatch/middleware/templates/rescues/_request_and_response.erb (0.6ms)
  Rendered /Users/levid/.rvm/gems/ruby-1.9.3-p194/gems/actionpack-3.2.13/lib/action_dispatch/middleware/templates/rescues/template_error.erb within rescues/layout (4.9ms)
Connecting to database specified by database.yml


Started GET "/" for 127.0.0.1 at 2013-08-26 03:44:18 -0700
Processing by MessagesController#index as HTML
  [1m[36mMessage Load (0.5ms)[0m  [1mSELECT "messages".* FROM "messages" [0m
  Rendered collection (0.0ms)
  Rendered messages/index.html.erb within layouts/application (8.4ms)
Compiled jquery.js  (1ms)  (pid 54808)
Compiled jquery_ujs.js  (0ms)  (pid 54808)
Compiled private_pub.js  (0ms)  (pid 54808)
Compiled messages.js  (180ms)  (pid 54808)
Compiled application.js  (210ms)  (pid 54808)
Completed 200 OK in 269ms (Views: 246.4ms | ActiveRecord: 2.0ms)


Started GET "/assets/application.css" for 127.0.0.1 at 2013-08-26 03:44:19 -0700
Served asset /application.css - 404 Not Found (2ms)

ActionController::RoutingError (No route matches [GET] "/assets/application.css"):
  actionpack (3.2.13) lib/action_dispatch/middleware/debug_exceptions.rb:21:in `call'
  actionpack (3.2.13) lib/action_dispatch/middleware/show_exceptions.rb:56:in `call'
  railties (3.2.13) lib/rails/rack/logger.rb:32:in `call_app'
  railties (3.2.13) lib/rails/rack/logger.rb:16:in `block in call'
  activesupport (3.2.13) lib/active_support/tagged_logging.rb:22:in `tagged'
  railties (3.2.13) lib/rails/rack/logger.rb:16:in `call'
  actionpack (3.2.13) lib/action_dispatch/middleware/request_id.rb:22:in `call'
  rack (1.4.5) lib/rack/methodoverride.rb:21:in `call'
  rack (1.4.5) lib/rack/runtime.rb:17:in `call'
  activesupport (3.2.13) lib/active_support/cache/strategy/local_cache.rb:72:in `call'
  rack (1.4.5) lib/rack/lock.rb:15:in `call'
  actionpack (3.2.13) lib/action_dispatch/middleware/static.rb:63:in `call'
  railties (3.2.13) lib/rails/engine.rb:479:in `call'
  railties (3.2.13) lib/rails/application.rb:223:in `call'
  rack (1.4.5) lib/rack/content_length.rb:14:in `call'
  railties (3.2.13) lib/rails/rack/log_tailer.rb:17:in `call'
  thin (1.5.0) lib/thin/connection.rb:81:in `block in pre_process'
  thin (1.5.0) lib/thin/connection.rb:79:in `catch'
  thin (1.5.0) lib/thin/connection.rb:79:in `pre_process'
  thin (1.5.0) lib/thin/connection.rb:54:in `process'
  thin (1.5.0) lib/thin/connection.rb:39:in `receive_data'
  eventmachine (1.0.3) lib/eventmachine.rb:187:in `run_machine'
  eventmachine (1.0.3) lib/eventmachine.rb:187:in `run'
  thin (1.5.0) lib/thin/backends/base.rb:63:in `start'
  thin (1.5.0) lib/thin/server.rb:159:in `start'
  rack (1.4.5) lib/rack/handler/thin.rb:13:in `run'
  rack (1.4.5) lib/rack/server.rb:268:in `start'
  railties (3.2.13) lib/rails/commands/server.rb:70:in `start'
  railties (3.2.13) lib/rails/commands.rb:55:in `block in <top (required)>'
  railties (3.2.13) lib/rails/commands.rb:50:in `tap'
  railties (3.2.13) lib/rails/commands.rb:50:in `<top (required)>'
  script/rails:6:in `require'
  script/rails:6:in `<main>'


  Rendered /Users/levid/.rvm/gems/ruby-1.9.3-p194/gems/actionpack-3.2.13/lib/action_dispatch/middleware/templates/rescues/routing_error.erb within rescues/layout (0.7ms)


Started GET "/assets/jquery.js?body=1" for 127.0.0.1 at 2013-08-26 03:44:19 -0700
Served asset /jquery.js - 200 OK (2ms)


Started GET "/assets/jquery_ujs.js?body=1" for 127.0.0.1 at 2013-08-26 03:44:19 -0700
Served asset /jquery_ujs.js - 200 OK (1ms)


Started GET "/assets/private_pub.js?body=1" for 127.0.0.1 at 2013-08-26 03:44:19 -0700
Served asset /private_pub.js - 200 OK (0ms)


Started GET "/assets/messages.js?body=1" for 127.0.0.1 at 2013-08-26 03:44:19 -0700
Served asset /messages.js - 200 OK (0ms)


Started GET "/assets/application.js?body=1" for 127.0.0.1 at 2013-08-26 03:44:19 -0700
Served asset /application.js - 200 OK (3ms)


Started POST "/messages" for 127.0.0.1 at 2013-08-26 03:44:22 -0700
Processing by MessagesController#create as JS
  Parameters: {"utf8"=>"✓", "authenticity_token"=>"lcn6oY2f0bs28p4CJXpke5RbZLfF91yQNJlAB4RuN2U=", "message"=>{"content"=>"asdg"}, "commit"=>"Send"}
  [1m[35m (0.1ms)[0m  begin transaction
  [1m[36mSQL (9.1ms)[0m  [1mINSERT INTO "messages" ("content", "created_at", "updated_at") VALUES (?, ?, ?)[0m  [["content", "asdg"], ["created_at", Mon, 26 Aug 2013 03:44:22 PDT -07:00], ["updated_at", Mon, 26 Aug 2013 03:44:22 PDT -07:00]]
  [1m[35m (0.9ms)[0m  commit transaction
  Rendered messages/_message.html.erb (0.4ms)
  Rendered messages/create.js.erb (4.0ms)
Completed 200 OK in 25ms (Views: 6.6ms | ActiveRecord: 10.1ms)


Started GET "/" for 127.0.0.1 at 2013-08-26 03:44:48 -0700
Processing by MessagesController#index as HTML
  [1m[36mMessage Load (0.1ms)[0m  [1mSELECT "messages".* FROM "messages" [0m
  Rendered messages/_message.html.erb (0.7ms)
  Rendered messages/index.html.erb within layouts/application (3.4ms)
Compiled messages.js  (122ms)  (pid 54808)
Compiled application.js  (3ms)  (pid 54808)
Completed 200 OK in 156ms (Views: 147.0ms | ActiveRecord: 0.5ms)


Started GET "/assets/application.css" for 127.0.0.1 at 2013-08-26 03:44:49 -0700
Served asset /application.css - 404 Not Found (2ms)

ActionController::RoutingError (No route matches [GET] "/assets/application.css"):
  actionpack (3.2.13) lib/action_dispatch/middleware/debug_exceptions.rb:21:in `call'
  actionpack (3.2.13) lib/action_dispatch/middleware/show_exceptions.rb:56:in `call'
  railties (3.2.13) lib/rails/rack/logger.rb:32:in `call_app'
  railties (3.2.13) lib/rails/rack/logger.rb:16:in `block in call'
  activesupport (3.2.13) lib/active_support/tagged_logging.rb:22:in `tagged'
  railties (3.2.13) lib/rails/rack/logger.rb:16:in `call'
  actionpack (3.2.13) lib/action_dispatch/middleware/request_id.rb:22:in `call'
  rack (1.4.5) lib/rack/methodoverride.rb:21:in `call'
  rack (1.4.5) lib/rack/runtime.rb:17:in `call'
  activesupport (3.2.13) lib/active_support/cache/strategy/local_cache.rb:72:in `call'
  rack (1.4.5) lib/rack/lock.rb:15:in `call'
  actionpack (3.2.13) lib/action_dispatch/middleware/static.rb:63:in `call'
  railties (3.2.13) lib/rails/engine.rb:479:in `call'
  railties (3.2.13) lib/rails/application.rb:223:in `call'
  rack (1.4.5) lib/rack/content_length.rb:14:in `call'
  railties (3.2.13) lib/rails/rack/log_tailer.rb:17:in `call'
  thin (1.5.0) lib/thin/connection.rb:81:in `block in pre_process'
  thin (1.5.0) lib/thin/connection.rb:79:in `catch'
  thin (1.5.0) lib/thin/connection.rb:79:in `pre_process'
  thin (1.5.0) lib/thin/connection.rb:54:in `process'
  thin (1.5.0) lib/thin/connection.rb:39:in `receive_data'
  eventmachine (1.0.3) lib/eventmachine.rb:187:in `run_machine'
  eventmachine (1.0.3) lib/eventmachine.rb:187:in `run'
  thin (1.5.0) lib/thin/backends/base.rb:63:in `start'
  thin (1.5.0) lib/thin/server.rb:159:in `start'
  rack (1.4.5) lib/rack/handler/thin.rb:13:in `run'
  rack (1.4.5) lib/rack/server.rb:268:in `start'
  railties (3.2.13) lib/rails/commands/server.rb:70:in `start'
  railties (3.2.13) lib/rails/commands.rb:55:in `block in <top (required)>'
  railties (3.2.13) lib/rails/commands.rb:50:in `tap'
  railties (3.2.13) lib/rails/commands.rb:50:in `<top (required)>'
  script/rails:6:in `require'
  script/rails:6:in `<main>'


  Rendered /Users/levid/.rvm/gems/ruby-1.9.3-p194/gems/actionpack-3.2.13/lib/action_dispatch/middleware/templates/rescues/routing_error.erb within rescues/layout (0.8ms)


Started GET "/assets/private_pub.js?body=1" for 127.0.0.1 at 2013-08-26 03:44:49 -0700
Served asset /private_pub.js - 304 Not Modified (0ms)


Started GET "/assets/jquery.js?body=1" for 127.0.0.1 at 2013-08-26 03:44:49 -0700
Served asset /jquery.js - 304 Not Modified (0ms)


Started GET "/assets/jquery_ujs.js?body=1" for 127.0.0.1 at 2013-08-26 03:44:49 -0700
Served asset /jquery_ujs.js - 304 Not Modified (0ms)


Started GET "/assets/messages.js?body=1" for 127.0.0.1 at 2013-08-26 03:44:49 -0700
Served asset /messages.js - 200 OK (1ms)


Started GET "/assets/application.js?body=1" for 127.0.0.1 at 2013-08-26 03:44:49 -0700
Served asset /application.js - 304 Not Modified (5ms)


Started POST "/messages" for 127.0.0.1 at 2013-08-26 03:44:50 -0700
Processing by MessagesController#create as JS
  Parameters: {"utf8"=>"✓", "authenticity_token"=>"lcn6oY2f0bs28p4CJXpke5RbZLfF91yQNJlAB4RuN2U=", "message"=>{"content"=>"adsg"}, "commit"=>"Send"}
  [1m[35m (0.1ms)[0m  begin transaction
  [1m[36mSQL (0.6ms)[0m  [1mINSERT INTO "messages" ("content", "created_at", "updated_at") VALUES (?, ?, ?)[0m  [["content", "adsg"], ["created_at", Mon, 26 Aug 2013 03:44:50 PDT -07:00], ["updated_at", Mon, 26 Aug 2013 03:44:50 PDT -07:00]]
  [1m[35m (0.6ms)[0m  commit transaction
  Rendered messages/_message.html.erb (0.1ms)
  Rendered messages/create.js.erb (2.5ms)
Completed 200 OK in 11ms (Views: 4.7ms | ActiveRecord: 1.3ms)


Started GET "/" for 127.0.0.1 at 2013-08-26 03:46:00 -0700
Processing by MessagesController#index as HTML
  [1m[36mMessage Load (0.2ms)[0m  [1mSELECT "messages".* FROM "messages" [0m
  Rendered messages/_message.html.erb (0.7ms)
  Rendered messages/index.html.erb within layouts/application (3.7ms)
Compiled application.css  (0ms)  (pid 54808)
Completed 200 OK in 32ms (Views: 30.2ms | ActiveRecord: 0.2ms)


Started GET "/assets/application.css?body=1" for 127.0.0.1 at 2013-08-26 03:46:00 -0700
Served asset /application.css - 200 OK (2ms)


Started GET "/assets/jquery.js?body=1" for 127.0.0.1 at 2013-08-26 03:46:00 -0700
Served asset /jquery.js - 304 Not Modified (0ms)


Started GET "/assets/jquery_ujs.js?body=1" for 127.0.0.1 at 2013-08-26 03:46:00 -0700
Served asset /jquery_ujs.js - 304 Not Modified (0ms)


Started GET "/assets/private_pub.js?body=1" for 127.0.0.1 at 2013-08-26 03:46:00 -0700
Served asset /private_pub.js - 304 Not Modified (0ms)


Started GET "/assets/messages.js?body=1" for 127.0.0.1 at 2013-08-26 03:46:00 -0700
Served asset /messages.js - 304 Not Modified (0ms)


Started GET "/assets/application.js?body=1" for 127.0.0.1 at 2013-08-26 03:46:00 -0700
Served asset /application.js - 304 Not Modified (0ms)


Started POST "/messages" for 127.0.0.1 at 2013-08-26 03:46:02 -0700
Processing by MessagesController#create as JS
  Parameters: {"utf8"=>"✓", "authenticity_token"=>"lcn6oY2f0bs28p4CJXpke5RbZLfF91yQNJlAB4RuN2U=", "message"=>{"content"=>"das"}, "commit"=>"Send"}
  [1m[35m (0.1ms)[0m  begin transaction
  [1m[36mSQL (0.7ms)[0m  [1mINSERT INTO "messages" ("content", "created_at", "updated_at") VALUES (?, ?, ?)[0m  [["content", "das"], ["created_at", Mon, 26 Aug 2013 03:46:02 PDT -07:00], ["updated_at", Mon, 26 Aug 2013 03:46:02 PDT -07:00]]
  [1m[35m (0.6ms)[0m  commit transaction
  Rendered messages/_message.html.erb (0.2ms)
  Rendered messages/create.js.erb (4.2ms)
Completed 200 OK in 19ms (Views: 10.6ms | ActiveRecord: 1.4ms)


Started GET "/" for 127.0.0.1 at 2013-08-26 03:46:19 -0700
Processing by MessagesController#index as HTML
  [1m[36mMessage Load (0.2ms)[0m  [1mSELECT "messages".* FROM "messages" [0m
  Rendered messages/_message.html.erb (0.8ms)
  Rendered messages/index.html.erb within layouts/application (2.7ms)
Compiled messages.js  (115ms)  (pid 54808)
Compiled application.js  (3ms)  (pid 54808)
Completed 200 OK in 140ms (Views: 138.8ms | ActiveRecord: 0.2ms)


Started GET "/assets/application.css?body=1" for 127.0.0.1 at 2013-08-26 03:46:19 -0700
Served asset /application.css - 304 Not Modified (0ms)


Started GET "/assets/jquery.js?body=1" for 127.0.0.1 at 2013-08-26 03:46:19 -0700
Served asset /jquery.js - 304 Not Modified (0ms)


Started GET "/assets/jquery_ujs.js?body=1" for 127.0.0.1 at 2013-08-26 03:46:19 -0700
Served asset /jquery_ujs.js - 304 Not Modified (0ms)


Started GET "/assets/private_pub.js?body=1" for 127.0.0.1 at 2013-08-26 03:46:19 -0700
Served asset /private_pub.js - 304 Not Modified (0ms)


Started GET "/assets/messages.js?body=1" for 127.0.0.1 at 2013-08-26 03:46:19 -0700
Served asset /messages.js - 200 OK (1ms)


Started GET "/assets/application.js?body=1" for 127.0.0.1 at 2013-08-26 03:46:19 -0700
Served asset /application.js - 304 Not Modified (6ms)


Started POST "/messages" for 127.0.0.1 at 2013-08-26 03:46:21 -0700
Processing by MessagesController#create as JS
  Parameters: {"utf8"=>"✓", "authenticity_token"=>"lcn6oY2f0bs28p4CJXpke5RbZLfF91yQNJlAB4RuN2U=", "message"=>{"content"=>"sadgasd"}, "commit"=>"Send"}
  [1m[35m (0.1ms)[0m  begin transaction
  [1m[36mSQL (0.5ms)[0m  [1mINSERT INTO "messages" ("content", "created_at", "updated_at") VALUES (?, ?, ?)[0m  [["content", "sadgasd"], ["created_at", Mon, 26 Aug 2013 03:46:21 PDT -07:00], ["updated_at", Mon, 26 Aug 2013 03:46:21 PDT -07:00]]
  [1m[35m (0.7ms)[0m  commit transaction
  Rendered messages/_message.html.erb (0.1ms)
  Rendered messages/create.js.erb (2.5ms)
Completed 200 OK in 10ms (Views: 4.4ms | ActiveRecord: 1.3ms)


Started GET "/" for 127.0.0.1 at 2013-08-26 03:46:33 -0700
Processing by MessagesController#index as HTML
  [1m[36mMessage Load (0.2ms)[0m  [1mSELECT "messages".* FROM "messages" [0m
  Rendered messages/_message.html.erb (0.8ms)
  Rendered messages/index.html.erb within layouts/application (2.9ms)
Compiled messages.js  (110ms)  (pid 54808)
Compiled application.js  (2ms)  (pid 54808)
Completed 200 OK in 134ms (Views: 132.7ms | ActiveRecord: 0.2ms)


Started GET "/assets/application.css?body=1" for 127.0.0.1 at 2013-08-26 03:46:33 -0700
Served asset /application.css - 304 Not Modified (0ms)


Started GET "/assets/jquery.js?body=1" for 127.0.0.1 at 2013-08-26 03:46:33 -0700
Served asset /jquery.js - 304 Not Modified (0ms)


Started GET "/assets/jquery_ujs.js?body=1" for 127.0.0.1 at 2013-08-26 03:46:33 -0700
Served asset /jquery_ujs.js - 304 Not Modified (0ms)


Started GET "/assets/private_pub.js?body=1" for 127.0.0.1 at 2013-08-26 03:46:33 -0700
Served asset /private_pub.js - 304 Not Modified (0ms)


Started GET "/assets/messages.js?body=1" for 127.0.0.1 at 2013-08-26 03:46:33 -0700
Served asset /messages.js - 200 OK (1ms)


Started GET "/assets/application.js?body=1" for 127.0.0.1 at 2013-08-26 03:46:33 -0700
Served asset /application.js - 304 Not Modified (4ms)


Started POST "/messages" for 127.0.0.1 at 2013-08-26 03:46:37 -0700
Processing by MessagesController#create as JS
  Parameters: {"utf8"=>"✓", "authenticity_token"=>"lcn6oY2f0bs28p4CJXpke5RbZLfF91yQNJlAB4RuN2U=", "message"=>{"content"=>"sadg"}, "commit"=>"Send"}
  [1m[35m (0.1ms)[0m  begin transaction
  [1m[36mSQL (0.6ms)[0m  [1mINSERT INTO "messages" ("content", "created_at", "updated_at") VALUES (?, ?, ?)[0m  [["content", "sadg"], ["created_at", Mon, 26 Aug 2013 03:46:37 PDT -07:00], ["updated_at", Mon, 26 Aug 2013 03:46:37 PDT -07:00]]
  [1m[35m (0.7ms)[0m  commit transaction
  Rendered messages/_message.html.erb (0.1ms)
  Rendered messages/create.js.erb (5.2ms)
Completed 200 OK in 19ms (Views: 8.3ms | ActiveRecord: 1.4ms)


Started GET "/" for 127.0.0.1 at 2013-08-26 03:47:02 -0700
Processing by MessagesController#index as HTML
  [1m[36mMessage Load (0.2ms)[0m  [1mSELECT "messages".* FROM "messages" [0m
  Rendered messages/_message.html.erb (1.2ms)
  Rendered messages/index.html.erb within layouts/application (3.1ms)
Compiled messages.js  (115ms)  (pid 54808)
Compiled application.js  (2ms)  (pid 54808)
Completed 200 OK in 140ms (Views: 139.1ms | ActiveRecord: 0.2ms)


Started GET "/assets/application.css?body=1" for 127.0.0.1 at 2013-08-26 03:47:02 -0700
Served asset /application.css - 304 Not Modified (0ms)


Started GET "/assets/jquery.js?body=1" for 127.0.0.1 at 2013-08-26 03:47:02 -0700
Served asset /jquery.js - 304 Not Modified (0ms)


Started GET "/assets/jquery_ujs.js?body=1" for 127.0.0.1 at 2013-08-26 03:47:02 -0700
Served asset /jquery_ujs.js - 304 Not Modified (0ms)


Started GET "/assets/private_pub.js?body=1" for 127.0.0.1 at 2013-08-26 03:47:02 -0700
Served asset /private_pub.js - 304 Not Modified (0ms)


Started GET "/assets/messages.js?body=1" for 127.0.0.1 at 2013-08-26 03:47:02 -0700
Served asset /messages.js - 200 OK (1ms)


Started GET "/assets/application.js?body=1" for 127.0.0.1 at 2013-08-26 03:47:02 -0700
Served asset /application.js - 304 Not Modified (4ms)


Started POST "/messages" for 127.0.0.1 at 2013-08-26 03:47:06 -0700
Processing by MessagesController#create as JS
  Parameters: {"utf8"=>"✓", "authenticity_token"=>"lcn6oY2f0bs28p4CJXpke5RbZLfF91yQNJlAB4RuN2U=", "message"=>{"content"=>"what"}, "commit"=>"Send"}
  [1m[35m (0.1ms)[0m  begin transaction
  [1m[36mSQL (0.9ms)[0m  [1mINSERT INTO "messages" ("content", "created_at", "updated_at") VALUES (?, ?, ?)[0m  [["content", "what"], ["created_at", Mon, 26 Aug 2013 03:47:06 PDT -07:00], ["updated_at", Mon, 26 Aug 2013 03:47:06 PDT -07:00]]
  [1m[35m (1.1ms)[0m  commit transaction
  Rendered messages/_message.html.erb (0.2ms)
  Rendered messages/create.js.erb (3.7ms)
Completed 200 OK in 17ms (Views: 7.0ms | ActiveRecord: 2.0ms)


Started GET "/" for 127.0.0.1 at 2013-08-26 03:47:20 -0700
Processing by MessagesController#index as HTML
  [1m[36mMessage Load (0.2ms)[0m  [1mSELECT "messages".* FROM "messages" [0m
  Rendered messages/_message.html.erb (1.8ms)
  Rendered messages/index.html.erb within layouts/application (4.7ms)
Completed 200 OK in 16ms (Views: 14.5ms | ActiveRecord: 0.2ms)


Started GET "/assets/jquery.js?body=1" for 127.0.0.1 at 2013-08-26 03:47:20 -0700
Served asset /jquery.js - 200 OK (0ms)


Started GET "/assets/application.css?body=1" for 127.0.0.1 at 2013-08-26 03:47:20 -0700
Served asset /application.css - 200 OK (0ms)


Started GET "/assets/messages.js?body=1" for 127.0.0.1 at 2013-08-26 03:47:20 -0700
Served asset /messages.js - 200 OK (0ms)


Started GET "/assets/application.js?body=1" for 127.0.0.1 at 2013-08-26 03:47:20 -0700
Served asset /application.js - 200 OK (0ms)


Started GET "/assets/jquery_ujs.js?body=1" for 127.0.0.1 at 2013-08-26 03:47:20 -0700
Served asset /jquery_ujs.js - 200 OK (0ms)


Started GET "/assets/private_pub.js?body=1" for 127.0.0.1 at 2013-08-26 03:47:20 -0700
Served asset /private_pub.js - 200 OK (0ms)


Started POST "/messages" for 127.0.0.1 at 2013-08-26 03:47:23 -0700
Processing by MessagesController#create as JS
  Parameters: {"utf8"=>"✓", "authenticity_token"=>"SoUnReH3hFeNpIDKzYB3xKZZjGXDr3Ik1aNhHb2Srsc=", "message"=>{"content"=>"test"}, "commit"=>"Send"}
  [1m[35m (0.1ms)[0m  begin transaction
  [1m[36mSQL (0.7ms)[0m  [1mINSERT INTO "messages" ("content", "created_at", "updated_at") VALUES (?, ?, ?)[0m  [["content", "test"], ["created_at", Mon, 26 Aug 2013 03:47:23 PDT -07:00], ["updated_at", Mon, 26 Aug 2013 03:47:23 PDT -07:00]]
  [1m[35m (0.8ms)[0m  commit transaction
  Rendered messages/_message.html.erb (0.2ms)
  Rendered messages/create.js.erb (7.7ms)
Completed 200 OK in 20ms (Views: 11.5ms | ActiveRecord: 1.6ms)


Started GET "/" for 127.0.0.1 at 2013-08-26 03:47:50 -0700
Processing by MessagesController#index as HTML
  [1m[36mMessage Load (0.2ms)[0m  [1mSELECT "messages".* FROM "messages" [0m
  Rendered messages/_message.html.erb (1.6ms)
  Rendered messages/index.html.erb within layouts/application (3.8ms)
Compiled messages.js  (218ms)  (pid 54808)
Compiled application.js  (5ms)  (pid 54808)
Completed 200 OK in 268ms (Views: 266.6ms | ActiveRecord: 0.2ms)


Started GET "/assets/application.css?body=1" for 127.0.0.1 at 2013-08-26 03:47:50 -0700
Served asset /application.css - 304 Not Modified (0ms)


Started GET "/assets/jquery.js?body=1" for 127.0.0.1 at 2013-08-26 03:47:50 -0700
Served asset /jquery.js - 304 Not Modified (0ms)


Started GET "/assets/jquery_ujs.js?body=1" for 127.0.0.1 at 2013-08-26 03:47:50 -0700
Served asset /jquery_ujs.js - 304 Not Modified (0ms)


Started GET "/assets/private_pub.js?body=1" for 127.0.0.1 at 2013-08-26 03:47:50 -0700
Served asset /private_pub.js - 304 Not Modified (0ms)


Started GET "/assets/messages.js?body=1" for 127.0.0.1 at 2013-08-26 03:47:50 -0700
Served asset /messages.js - 200 OK (1ms)


Started GET "/assets/application.js?body=1" for 127.0.0.1 at 2013-08-26 03:47:50 -0700
Served asset /application.js - 304 Not Modified (8ms)


Started POST "/messages" for 127.0.0.1 at 2013-08-26 03:47:52 -0700
Processing by MessagesController#create as JS
  Parameters: {"utf8"=>"✓", "authenticity_token"=>"lcn6oY2f0bs28p4CJXpke5RbZLfF91yQNJlAB4RuN2U=", "message"=>{"content"=>"test"}, "commit"=>"Send"}
  [1m[35m (0.1ms)[0m  begin transaction
  [1m[36mSQL (0.9ms)[0m  [1mINSERT INTO "messages" ("content", "created_at", "updated_at") VALUES (?, ?, ?)[0m  [["content", "test"], ["created_at", Mon, 26 Aug 2013 03:47:52 PDT -07:00], ["updated_at", Mon, 26 Aug 2013 03:47:52 PDT -07:00]]
  [1m[35m (1.7ms)[0m  commit transaction
  Rendered messages/_message.html.erb (0.2ms)
  Rendered messages/create.js.erb (9.3ms)
Completed 200 OK in 23ms (Views: 12.9ms | ActiveRecord: 2.6ms)


Started GET "/" for 127.0.0.1 at 2013-08-26 03:48:34 -0700
Processing by MessagesController#index as HTML
  [1m[36mMessage Load (0.2ms)[0m  [1mSELECT "messages".* FROM "messages" [0m
  Rendered messages/_message.html.erb (2.4ms)
  Rendered messages/index.html.erb within layouts/application (4.7ms)
Compiled messages.js  (226ms)  (pid 54808)
Compiled application.js  (6ms)  (pid 54808)
Completed 200 OK in 268ms (Views: 266.8ms | ActiveRecord: 0.2ms)


Started GET "/assets/application.css?body=1" for 127.0.0.1 at 2013-08-26 03:48:34 -0700
Served asset /application.css - 304 Not Modified (0ms)


Started GET "/assets/jquery.js?body=1" for 127.0.0.1 at 2013-08-26 03:48:34 -0700
Served asset /jquery.js - 304 Not Modified (0ms)


Started GET "/assets/jquery_ujs.js?body=1" for 127.0.0.1 at 2013-08-26 03:48:34 -0700
Served asset /jquery_ujs.js - 304 Not Modified (0ms)


Started GET "/assets/private_pub.js?body=1" for 127.0.0.1 at 2013-08-26 03:48:34 -0700
Served asset /private_pub.js - 304 Not Modified (0ms)


Started GET "/assets/messages.js?body=1" for 127.0.0.1 at 2013-08-26 03:48:34 -0700
Served asset /messages.js - 200 OK (2ms)


Started GET "/assets/application.js?body=1" for 127.0.0.1 at 2013-08-26 03:48:34 -0700
Served asset /application.js - 304 Not Modified (10ms)


Started POST "/messages" for 127.0.0.1 at 2013-08-26 03:48:37 -0700
Processing by MessagesController#create as JS
  Parameters: {"utf8"=>"✓", "authenticity_token"=>"lcn6oY2f0bs28p4CJXpke5RbZLfF91yQNJlAB4RuN2U=", "message"=>{"content"=>"asdg"}, "commit"=>"Send"}
  [1m[35m (0.1ms)[0m  begin transaction
  [1m[36mSQL (0.7ms)[0m  [1mINSERT INTO "messages" ("content", "created_at", "updated_at") VALUES (?, ?, ?)[0m  [["content", "asdg"], ["created_at", Mon, 26 Aug 2013 03:48:37 PDT -07:00], ["updated_at", Mon, 26 Aug 2013 03:48:37 PDT -07:00]]
  [1m[35m (0.9ms)[0m  commit transaction
  Rendered messages/_message.html.erb (0.2ms)
  Rendered messages/create.js.erb (4.0ms)
Completed 200 OK in 14ms (Views: 7.5ms | ActiveRecord: 1.6ms)
Connecting to database specified by database.yml


Started GET "/" for 127.0.0.1 at 2013-08-26 03:49:44 -0700
Processing by MessagesController#index as HTML
  [1m[36mMessage Load (0.1ms)[0m  [1mSELECT "messages".* FROM "messages" [0m
  Rendered messages/_message.html.erb (3.7ms)
  Rendered messages/index.html.erb within layouts/application (10.3ms)
Completed 200 OK in 51ms (Views: 29.8ms | ActiveRecord: 1.7ms)


Started GET "/assets/application.css?body=1" for 127.0.0.1 at 2013-08-26 03:49:44 -0700
Served asset /application.css - 304 Not Modified (1ms)


Started GET "/assets/jquery.js?body=1" for 127.0.0.1 at 2013-08-26 03:49:44 -0700
Served asset /jquery.js - 304 Not Modified (2ms)


Started GET "/assets/jquery_ujs.js?body=1" for 127.0.0.1 at 2013-08-26 03:49:44 -0700
Served asset /jquery_ujs.js - 304 Not Modified (1ms)


Started GET "/assets/private_pub.js?body=1" for 127.0.0.1 at 2013-08-26 03:49:44 -0700
Served asset /private_pub.js - 304 Not Modified (1ms)


Started GET "/assets/messages.js?body=1" for 127.0.0.1 at 2013-08-26 03:49:44 -0700
Served asset /messages.js - 304 Not Modified (1ms)


Started GET "/assets/application.js?body=1" for 127.0.0.1 at 2013-08-26 03:49:44 -0700
Served asset /application.js - 304 Not Modified (3ms)


Started POST "/messages" for 127.0.0.1 at 2013-08-26 03:49:48 -0700
Processing by MessagesController#create as JS
  Parameters: {"utf8"=>"✓", "authenticity_token"=>"lcn6oY2f0bs28p4CJXpke5RbZLfF91yQNJlAB4RuN2U=", "message"=>{"content"=>"what"}, "commit"=>"Send"}
  [1m[35m (0.0ms)[0m  begin transaction
  [1m[36mSQL (3.6ms)[0m  [1mINSERT INTO "messages" ("content", "created_at", "updated_at") VALUES (?, ?, ?)[0m  [["content", "what"], ["created_at", Mon, 26 Aug 2013 03:49:48 PDT -07:00], ["updated_at", Mon, 26 Aug 2013 03:49:48 PDT -07:00]]
  [1m[35m (0.5ms)[0m  commit transaction
  Rendered messages/_message.html.erb (0.5ms)
  Rendered messages/create.js.erb (4.3ms)
Completed 200 OK in 17ms (Views: 7.5ms | ActiveRecord: 4.2ms)


Started GET "/" for 127.0.0.1 at 2013-08-26 03:50:02 -0700
Processing by MessagesController#index as HTML
  [1m[36mMessage Load (0.2ms)[0m  [1mSELECT "messages".* FROM "messages" [0m
  Rendered messages/_message.html.erb (1.4ms)
  Rendered messages/index.html.erb within layouts/application (3.3ms)
Compiled messages.js  (122ms)  (pid 8658)
Compiled application.js  (2ms)  (pid 8658)
Completed 200 OK in 147ms (Views: 146.2ms | ActiveRecord: 0.2ms)


Started GET "/assets/application.css?body=1" for 127.0.0.1 at 2013-08-26 03:50:03 -0700
Served asset /application.css - 304 Not Modified (0ms)


Started GET "/assets/jquery.js?body=1" for 127.0.0.1 at 2013-08-26 03:50:03 -0700
Served asset /jquery.js - 304 Not Modified (0ms)


Started GET "/assets/jquery_ujs.js?body=1" for 127.0.0.1 at 2013-08-26 03:50:03 -0700
Served asset /jquery_ujs.js - 304 Not Modified (0ms)


Started GET "/assets/private_pub.js?body=1" for 127.0.0.1 at 2013-08-26 03:50:03 -0700
Served asset /private_pub.js - 304 Not Modified (0ms)


Started GET "/assets/messages.js?body=1" for 127.0.0.1 at 2013-08-26 03:50:03 -0700
Served asset /messages.js - 200 OK (1ms)


Started GET "/assets/application.js?body=1" for 127.0.0.1 at 2013-08-26 03:50:03 -0700
Served asset /application.js - 304 Not Modified (5ms)


Started POST "/messages" for 127.0.0.1 at 2013-08-26 03:50:05 -0700
Processing by MessagesController#create as JS
  Parameters: {"utf8"=>"✓", "authenticity_token"=>"lcn6oY2f0bs28p4CJXpke5RbZLfF91yQNJlAB4RuN2U=", "message"=>{"content"=>"who"}, "commit"=>"Send"}
  [1m[35m (0.1ms)[0m  begin transaction
  [1m[36mSQL (0.9ms)[0m  [1mINSERT INTO "messages" ("content", "created_at", "updated_at") VALUES (?, ?, ?)[0m  [["content", "who"], ["created_at", Mon, 26 Aug 2013 03:50:05 PDT -07:00], ["updated_at", Mon, 26 Aug 2013 03:50:05 PDT -07:00]]
  [1m[35m (0.6ms)[0m  commit transaction
  Rendered messages/_message.html.erb (0.2ms)
  Rendered messages/create.js.erb (6.7ms)
Completed 200 OK in 18ms (Views: 10.3ms | ActiveRecord: 1.6ms)


Started GET "/" for 127.0.0.1 at 2013-08-26 03:50:18 -0700
Processing by MessagesController#index as HTML
  [1m[36mMessage Load (0.3ms)[0m  [1mSELECT "messages".* FROM "messages" [0m
  Rendered messages/_message.html.erb (3.0ms)
  Rendered messages/index.html.erb within layouts/application (6.0ms)
Compiled messages.js  (229ms)  (pid 8658)
Compiled application.js  (4ms)  (pid 8658)
Completed 200 OK in 278ms (Views: 275.7ms | ActiveRecord: 0.3ms)


Started GET "/assets/application.css?body=1" for 127.0.0.1 at 2013-08-26 03:50:19 -0700
Served asset /application.css - 304 Not Modified (0ms)


Started GET "/assets/jquery.js?body=1" for 127.0.0.1 at 2013-08-26 03:50:19 -0700
Served asset /jquery.js - 304 Not Modified (0ms)


Started GET "/assets/jquery_ujs.js?body=1" for 127.0.0.1 at 2013-08-26 03:50:19 -0700
Served asset /jquery_ujs.js - 304 Not Modified (0ms)


Started GET "/assets/private_pub.js?body=1" for 127.0.0.1 at 2013-08-26 03:50:19 -0700
Served asset /private_pub.js - 304 Not Modified (0ms)


Started GET "/assets/messages.js?body=1" for 127.0.0.1 at 2013-08-26 03:50:19 -0700
Served asset /messages.js - 200 OK (1ms)


Started GET "/assets/application.js?body=1" for 127.0.0.1 at 2013-08-26 03:50:19 -0700
Served asset /application.js - 304 Not Modified (6ms)


Started POST "/messages" for 127.0.0.1 at 2013-08-26 03:50:21 -0700
Processing by MessagesController#create as JS
  Parameters: {"utf8"=>"✓", "authenticity_token"=>"lcn6oY2f0bs28p4CJXpke5RbZLfF91yQNJlAB4RuN2U=", "message"=>{"content"=>"yikes"}, "commit"=>"Send"}
  [1m[35m (0.1ms)[0m  begin transaction
  [1m[36mSQL (0.7ms)[0m  [1mINSERT INTO "messages" ("content", "created_at", "updated_at") VALUES (?, ?, ?)[0m  [["content", "yikes"], ["created_at", Mon, 26 Aug 2013 03:50:21 PDT -07:00], ["updated_at", Mon, 26 Aug 2013 03:50:21 PDT -07:00]]
  [1m[35m (1.8ms)[0m  commit transaction
  Rendered messages/_message.html.erb (0.2ms)
  Rendered messages/create.js.erb (6.5ms)
Completed 200 OK in 18ms (Views: 10.1ms | ActiveRecord: 2.7ms)


Started GET "/" for 127.0.0.1 at 2013-08-26 03:50:27 -0700
Processing by MessagesController#index as HTML
  [1m[36mMessage Load (0.3ms)[0m  [1mSELECT "messages".* FROM "messages" [0m
  Rendered messages/_message.html.erb (3.7ms)
  Rendered messages/index.html.erb within layouts/application (6.2ms)
Compiled messages.js  (256ms)  (pid 8658)
Compiled application.js  (5ms)  (pid 8658)
Completed 200 OK in 300ms (Views: 298.3ms | ActiveRecord: 0.3ms)


Started GET "/assets/application.css?body=1" for 127.0.0.1 at 2013-08-26 03:50:27 -0700
Served asset /application.css - 304 Not Modified (0ms)


Started GET "/assets/jquery.js?body=1" for 127.0.0.1 at 2013-08-26 03:50:27 -0700
Served asset /jquery.js - 304 Not Modified (0ms)


Started GET "/assets/jquery_ujs.js?body=1" for 127.0.0.1 at 2013-08-26 03:50:27 -0700
Served asset /jquery_ujs.js - 304 Not Modified (0ms)


Started GET "/assets/private_pub.js?body=1" for 127.0.0.1 at 2013-08-26 03:50:27 -0700
Served asset /private_pub.js - 304 Not Modified (0ms)


Started GET "/assets/messages.js?body=1" for 127.0.0.1 at 2013-08-26 03:50:27 -0700
Served asset /messages.js - 200 OK (2ms)


Started GET "/assets/application.js?body=1" for 127.0.0.1 at 2013-08-26 03:50:27 -0700
Served asset /application.js - 304 Not Modified (9ms)


Started POST "/messages" for 127.0.0.1 at 2013-08-26 03:50:29 -0700
Processing by MessagesController#create as JS
  Parameters: {"utf8"=>"✓", "authenticity_token"=>"lcn6oY2f0bs28p4CJXpke5RbZLfF91yQNJlAB4RuN2U=", "message"=>{"content"=>"what"}, "commit"=>"Send"}
  [1m[35m (0.1ms)[0m  begin transaction
  [1m[36mSQL (0.9ms)[0m  [1mINSERT INTO "messages" ("content", "created_at", "updated_at") VALUES (?, ?, ?)[0m  [["content", "what"], ["created_at", Mon, 26 Aug 2013 03:50:29 PDT -07:00], ["updated_at", Mon, 26 Aug 2013 03:50:29 PDT -07:00]]
  [1m[35m (0.7ms)[0m  commit transaction
  Rendered messages/_message.html.erb (0.3ms)
  Rendered messages/create.js.erb (4.4ms)
Completed 200 OK in 18ms (Views: 10.1ms | ActiveRecord: 1.7ms)


Started GET "/" for 127.0.0.1 at 2013-08-26 03:50:36 -0700
Processing by MessagesController#index as HTML
  [1m[36mMessage Load (0.3ms)[0m  [1mSELECT "messages".* FROM "messages" [0m
  Rendered messages/_message.html.erb (3.3ms)
  Rendered messages/index.html.erb within layouts/application (7.6ms)
Completed 200 OK in 19ms (Views: 16.3ms | ActiveRecord: 0.3ms)


Started GET "/assets/jquery.js?body=1" for 127.0.0.1 at 2013-08-26 03:50:36 -0700
Served asset /jquery.js - 200 OK (0ms)


Started GET "/assets/application.js?body=1" for 127.0.0.1 at 2013-08-26 03:50:36 -0700
Served asset /application.js - 200 OK (0ms)


Started GET "/assets/private_pub.js?body=1" for 127.0.0.1 at 2013-08-26 03:50:36 -0700
Served asset /private_pub.js - 200 OK (0ms)


Started GET "/assets/messages.js?body=1" for 127.0.0.1 at 2013-08-26 03:50:36 -0700
Served asset /messages.js - 200 OK (0ms)


Started GET "/assets/jquery_ujs.js?body=1" for 127.0.0.1 at 2013-08-26 03:50:36 -0700
Served asset /jquery_ujs.js - 200 OK (0ms)


Started GET "/assets/application.css?body=1" for 127.0.0.1 at 2013-08-26 03:50:36 -0700
Served asset /application.css - 304 Not Modified (0ms)


Started POST "/messages" for 127.0.0.1 at 2013-08-26 03:50:39 -0700
Processing by MessagesController#create as JS
  Parameters: {"utf8"=>"✓", "authenticity_token"=>"kH9BEKX+hjZYZuS6GPA7H28nSqQcUgutbpNs7iNvJaU=", "message"=>{"content"=>"yes"}, "commit"=>"Send"}
  [1m[35m (0.1ms)[0m  begin transaction
  [1m[36mSQL (0.7ms)[0m  [1mINSERT INTO "messages" ("content", "created_at", "updated_at") VALUES (?, ?, ?)[0m  [["content", "yes"], ["created_at", Mon, 26 Aug 2013 03:50:39 PDT -07:00], ["updated_at", Mon, 26 Aug 2013 03:50:39 PDT -07:00]]
  [1m[35m (0.6ms)[0m  commit transaction
  Rendered messages/_message.html.erb (0.2ms)
  Rendered messages/create.js.erb (4.2ms)
Completed 200 OK in 19ms (Views: 8.0ms | ActiveRecord: 1.4ms)


Started POST "/messages" for 127.0.0.1 at 2013-08-26 03:50:42 -0700
Processing by MessagesController#create as JS
  Parameters: {"utf8"=>"✓", "authenticity_token"=>"kH9BEKX+hjZYZuS6GPA7H28nSqQcUgutbpNs7iNvJaU=", "message"=>{"content"=>"cool"}, "commit"=>"Send"}
  [1m[36m (0.1ms)[0m  [1mbegin transaction[0m
  [1m[35mSQL (0.6ms)[0m  INSERT INTO "messages" ("content", "created_at", "updated_at") VALUES (?, ?, ?)  [["content", "cool"], ["created_at", Mon, 26 Aug 2013 03:50:42 PDT -07:00], ["updated_at", Mon, 26 Aug 2013 03:50:42 PDT -07:00]]
  [1m[36m (0.6ms)[0m  [1mcommit transaction[0m
  Rendered messages/_message.html.erb (0.1ms)
  Rendered messages/create.js.erb (6.3ms)
Completed 200 OK in 17ms (Views: 9.9ms | ActiveRecord: 1.2ms)
